usearch v11.0.667_i86linux32, 4.0Gb RAM (65.9Gb total), 12 cores
(C) Copyright 2013-18 Robert C. Edgar, all rights reserved.
https://drive5.com/usearch

License: gold.yang@qq.com

00:00 37Mb      0.1% Reading INDEX_general_PL_data.2018.fasta00:00 46Mb    100.0% Reading INDEX_general_PL_data.2018.fasta
00:00 12Mb   CPU has 12 cores, defaulting to 10 threads      
00:00 99Mb      0.1% DF00:00 99Mb    100.0% DF
00:00 99Mb   16126 seqs, 9930 uniques, 7981 singletons (80.4%)
00:00 99Mb   Min size 1, median 1, max 167, avg 1.62
00:00 101Mb     0.0% DB00:00 101Mb   100.0% DB
00:00 140Mb     0.0% Clustering00:00 140Mb     0.0% 0 clusters, max size 0, avg 0.000:01 161Mb     7.4% 506 clusters, max size 63, avg 2.600:02 189Mb    88.0% 2247 clusters, max size 369, avg 6.400:02 191Mb   100.0% 2385 clusters, max size 419, avg 6.8
                                                         
      Seqs  9930
  Clusters  2385
  Max size  419
  Avg size  6.8
  Min size  1
Singletons  991, 10.0% of seqs, 41.6% of clusters
   Max mem  191Mb
      Time  2.00s
Throughput  4965.0 seqs/sec.

