Loading data set ...
fiting model for ['aa2ar', 'adrb1', 'adrb2', 'cxcr4', 'drd3', 'andr', 'esr1', 'esr2', 'gcr', 'mcr', 'ppara', 'ppard', 'pparg', 'prgr', 'rxra', 'thb', 'ace', 'ada17', 'bace1', 'casp3', 'dpp4', 'fa10', 'fa7', 'hivpr', 'lkha4', 'mmp13', 'reni', 'thrb', 'try1', 'tryb1', 'urok']
first 10 important features explain 17.294484826908967%.
important_fp, importantance, active_occ, decoy_occ
 633, 0.014, 0.063, 0.015
 779, 0.014, 0.027, 0.080
 145, 0.015, 0.027, 0.082
 741, 0.015, 0.111, 0.048
 893, 0.016, 0.531, 0.659
  41, 0.018, 0.072, 0.150
 896, 0.018, 0.196, 0.103
 562, 0.019, 0.122, 0.042
 444, 0.020, 0.018, 0.071
   1, 0.023, 0.210, 0.334
Loading data set ...
aa2ar AUC_ROC: 0.8897930571903914
aa2ar AUC_PRC: 0.16650960367019108
aa2ar enrich_factor_0.5%: 21.16182572614108
aa2ar enrich_factor_1%: 17.219917012448132
Loading data set ...
adrb1 AUC_ROC: 0.7519937674810662
adrb1 AUC_PRC: 0.03308231878915944
adrb1 enrich_factor_0.5%: 0.8097165991902835
adrb1 enrich_factor_1%: 1.2145748987854252
Loading data set ...
adrb2 AUC_ROC: 0.7721111111111112
adrb2 AUC_PRC: 0.03469026537570398
adrb2 enrich_factor_0.5%: 0.8658008658008658
adrb2 enrich_factor_1%: 1.2987012987012987
Loading data set ...
cxcr4 AUC_ROC: 0.8772607163828537
cxcr4 AUC_PRC: 0.12838134630546075
cxcr4 enrich_factor_0.5%: 20.0
cxcr4 enrich_factor_1%: 12.5
Loading data set ...
drd3 AUC_ROC: 0.9177590553108175
drd3 AUC_PRC: 0.12075473616985447
drd3 enrich_factor_0.5%: 11.250000000000002
drd3 enrich_factor_1%: 12.5
Loading data set ...
andr AUC_ROC: 0.6141043741823504
andr AUC_PRC: 0.026810220934230706
andr enrich_factor_0.5%: 2.2304832713754648
andr enrich_factor_1%: 2.2304832713754648
Loading data set ...
esr1 AUC_ROC: 0.801702902735361
esr1 AUC_PRC: 0.08903150106189568
esr1 enrich_factor_0.5%: 12.010443864229764
esr1 enrich_factor_1%: 9.921671018276763
Loading data set ...
esr2 AUC_ROC: 0.7903952403827151
esr2 AUC_PRC: 0.08990155641081433
esr2 enrich_factor_0.5%: 13.079019073569482
esr2 enrich_factor_1%: 10.08174386920981
Loading data set ...
gcr AUC_ROC: 0.7587787506247187
gcr AUC_PRC: 0.05487808656662686
gcr enrich_factor_0.5%: 1.550387596899225
gcr enrich_factor_1%: 3.8759689922480622
Loading data set ...
mcr AUC_ROC: 0.7472299111753768
mcr AUC_PRC: 0.04552483068149986
mcr enrich_factor_0.5%: 0.0
mcr enrich_factor_1%: 4.25531914893617
Loading data set ...
ppara AUC_ROC: 0.8708932648610864
ppara AUC_PRC: 0.14196943582764815
ppara enrich_factor_0.5%: 12.868632707774799
ppara enrich_factor_1%: 13.672922252010725
Loading data set ...
ppard AUC_ROC: 0.849560544217687
ppard AUC_PRC: 0.10479313226108496
ppard enrich_factor_0.5%: 6.666666666666667
ppard enrich_factor_1%: 8.333333333333334
Loading data set ...
pparg AUC_ROC: 0.8543192434586614
pparg AUC_PRC: 0.13082216143078126
pparg enrich_factor_0.5%: 14.876033057851235
pparg enrich_factor_1%: 13.016528925619832
Loading data set ...
prgr AUC_ROC: 0.7258327972172851
prgr AUC_PRC: 0.05329869431848248
prgr enrich_factor_0.5%: 2.0477815699658706
prgr enrich_factor_1%: 4.436860068259385
Loading data set ...
rxra AUC_ROC: 0.45619199297050916
rxra AUC_PRC: 0.015563323174020566
rxra enrich_factor_0.5%: 0.0
rxra enrich_factor_1%: 0.0
Loading data set ...
thb AUC_ROC: 0.8423131556656023
thb AUC_PRC: 0.0980498109347322
thb enrich_factor_0.5%: 13.592233009708737
thb enrich_factor_1%: 7.766990291262136
Loading data set ...
ace AUC_ROC: 0.807778756976793
ace AUC_PRC: 0.06560761107751915
ace enrich_factor_0.5%: 4.25531914893617
ace enrich_factor_1%: 4.25531914893617
Loading data set ...
ada17 AUC_ROC: 0.8170479820721721
ada17 AUC_PRC: 0.05402029939831037
ada17 enrich_factor_0.5%: 7.518796992481202
ada17 enrich_factor_1%: 6.390977443609022
Loading data set ...
bace1 AUC_ROC: 0.7612392870390254
bace1 AUC_PRC: 0.07224676967125895
bace1 enrich_factor_0.5%: 16.25441696113074
bace1 enrich_factor_1%: 12.720848056537102
Loading data set ...
casp3 AUC_ROC: 0.7906678251068426
casp3 AUC_PRC: 0.04779159239851396
casp3 enrich_factor_0.5%: 1.0050251256281406
casp3 enrich_factor_1%: 2.0100502512562812
Loading data set ...
dpp4 AUC_ROC: 0.7373922818101151
dpp4 AUC_PRC: 0.03310397969335148
dpp4 enrich_factor_0.5%: 4.878048780487805
dpp4 enrich_factor_1%: 3.5647279549718576
Loading data set ...
fa10 AUC_ROC: 0.8819520693730163
fa10 AUC_PRC: 0.14901007782103823
fa10 enrich_factor_0.5%: 17.13221601489758
fa10 enrich_factor_1%: 16.01489757914339
Loading data set ...
fa7 AUC_ROC: 0.7224575438596491
fa7 AUC_PRC: 0.045800469151418846
fa7 enrich_factor_0.5%: 7.0175438596491215
fa7 enrich_factor_1%: 6.140350877192982
Loading data set ...
hivpr AUC_ROC: 0.7031092265943012
hivpr AUC_PRC: 0.026812661375896052
hivpr enrich_factor_0.5%: 0.7462686567164178
hivpr enrich_factor_1%: 0.7462686567164178
Loading data set ...
lkha4 AUC_ROC: 0.9389978031498499
lkha4 AUC_PRC: 0.37857767372999673
lkha4 enrich_factor_0.5%: 30.4093567251462
lkha4 enrich_factor_1%: 29.239766081871345
Loading data set ...
mmp13 AUC_ROC: 0.8525645255282351
mmp13 AUC_PRC: 0.08983387166351527
mmp13 enrich_factor_0.5%: 11.888111888111887
mmp13 enrich_factor_1%: 9.265734265734263
Loading data set ...
reni AUC_ROC: 0.8634084728149115
reni AUC_PRC: 0.08781676618090282
reni enrich_factor_0.5%: 13.46153846153846
reni enrich_factor_1%: 9.615384615384613
Loading data set ...
thrb AUC_ROC: 0.7272314602062648
thrb AUC_PRC: 0.03168651090310524
thrb enrich_factor_0.5%: 1.3015184381778742
thrb enrich_factor_1%: 1.5184381778741864
Loading data set ...
try1 AUC_ROC: 0.8230639124493572
try1 AUC_PRC: 0.08993099680651012
try1 enrich_factor_0.5%: 13.363028953229398
try1 enrich_factor_1%: 13.140311804008908
Loading data set ...
tryb1 AUC_ROC: 0.8504513336866278
tryb1 AUC_PRC: 0.10813008278746639
tryb1 enrich_factor_0.5%: 5.405405405405405
tryb1 enrich_factor_1%: 8.108108108108109
Loading data set ...
urok AUC_ROC: 0.8376618411982202
urok AUC_PRC: 0.07155562411765713
urok enrich_factor_0.5%: 6.1728395061728385
urok enrich_factor_1%: 6.790123456790123
Loading data set ...
fiting model for ['abl1', 'akt1', 'akt2', 'braf', 'cdk2', 'csf1r', 'egfr', 'fak1', 'fgfr1', 'igf1r', 'jak2', 'kit', 'kpcb', 'lck', 'mapk2', 'met', 'mk01', 'mk10', 'mk14', 'mp2k1', 'plk1', 'rock1', 'src', 'tgfr1', 'vgfr2', 'wee1']
first 10 important features explain 15.2976079550391%.
important_fp, importantance, active_occ, decoy_occ
 579, 0.014, 0.091, 0.031
 242, 0.014, 0.085, 0.037
  37, 0.014, 0.011, 0.043
 214, 0.014, 0.052, 0.107
 212, 0.015, 0.119, 0.052
 289, 0.015, 0.112, 0.051
 283, 0.016, 0.118, 0.206
 680, 0.016, 0.079, 0.031
  64, 0.017, 0.635, 0.503
 175, 0.019, 0.476, 0.344
Loading data set ...
abl1 AUC_ROC: 0.8490452338359314
abl1 AUC_PRC: 0.09955161086285721
abl1 enrich_factor_0.5%: 12.087912087912088
abl1 enrich_factor_1%: 9.890109890109889
Loading data set ...
akt1 AUC_ROC: 0.953227797545567
akt1 AUC_PRC: 0.4695639549290612
akt1 enrich_factor_0.5%: 44.36860068259385
akt1 enrich_factor_1%: 34.1296928327645
Loading data set ...
akt2 AUC_ROC: 0.9145398241050415
akt2 AUC_PRC: 0.301155378663449
akt2 enrich_factor_0.5%: 35.8974358974359
akt2 enrich_factor_1%: 26.495726495726498
Loading data set ...
braf AUC_ROC: 0.835094551705898
braf AUC_PRC: 0.1705859362358283
braf enrich_factor_0.5%: 21.05263157894737
braf enrich_factor_1%: 17.763157894736842
Loading data set ...
cdk2 AUC_ROC: 0.7756809762970707
cdk2 AUC_PRC: 0.059260306620236944
cdk2 enrich_factor_0.5%: 7.172995780590717
cdk2 enrich_factor_1%: 6.118143459915611
Loading data set ...
csf1r AUC_ROC: 0.7327808228551708
csf1r AUC_PRC: 0.030131506235266604
csf1r enrich_factor_0.5%: 6.024096385542168
csf1r enrich_factor_1%: 3.614457831325301
Loading data set ...
egfr AUC_ROC: 0.758139031746951
egfr AUC_PRC: 0.055265480269339556
egfr enrich_factor_0.5%: 6.642066420664206
egfr enrich_factor_1%: 5.535055350553506
Loading data set ...
fak1 AUC_ROC: 0.8234448598130841
fak1 AUC_PRC: 0.06166359042212943
fak1 enrich_factor_0.5%: 2.0
fak1 enrich_factor_1%: 5.0
Loading data set ...
fgfr1 AUC_ROC: 0.8730232365831472
fgfr1 AUC_PRC: 0.27387627421133637
fgfr1 enrich_factor_0.5%: 31.654676258992804
fgfr1 enrich_factor_1%: 23.741007194244602
Loading data set ...
igf1r AUC_ROC: 0.851828683522232
igf1r AUC_PRC: 0.2016777199887396
igf1r enrich_factor_0.5%: 27.027027027027028
igf1r enrich_factor_1%: 20.27027027027027
Loading data set ...
jak2 AUC_ROC: 0.8527189072609633
jak2 AUC_PRC: 0.09565382881342785
jak2 enrich_factor_0.5%: 5.607476635514018
jak2 enrich_factor_1%: 11.214953271028037
Loading data set ...
kit AUC_ROC: 0.780958667204704
kit AUC_PRC: 0.04881384899898811
kit enrich_factor_0.5%: 6.024096385542169
kit enrich_factor_1%: 4.216867469879519
Loading data set ...
kpcb AUC_ROC: 0.9361694338016178
kpcb AUC_PRC: 0.2583334099472899
kpcb enrich_factor_0.5%: 28.148148148148145
kpcb enrich_factor_1%: 25.185185185185183
Loading data set ...
lck AUC_ROC: 0.8242489572471323
lck AUC_PRC: 0.0938989236699061
lck enrich_factor_0.5%: 17.142857142857146
lck enrich_factor_1%: 11.666666666666668
Loading data set ...
mapk2 AUC_ROC: 0.8866103195685422
mapk2 AUC_PRC: 0.0909969691312127
mapk2 enrich_factor_0.5%: 5.940594059405941
mapk2 enrich_factor_1%: 7.920792079207921
Loading data set ...
met AUC_ROC: 0.7143485943775101
met AUC_PRC: 0.04294593091929064
met enrich_factor_0.5%: 3.614457831325301
met enrich_factor_1%: 4.8192771084337345
Loading data set ...
mk01 AUC_ROC: 0.8023035192655446
mk01 AUC_PRC: 0.056416565024598575
mk01 enrich_factor_0.5%: 7.594936708860759
mk01 enrich_factor_1%: 3.7974683544303796
Loading data set ...
mk10 AUC_ROC: 0.8207852564102565
mk10 AUC_PRC: 0.07177138911583969
mk10 enrich_factor_0.5%: 3.8461538461538463
mk10 enrich_factor_1%: 6.73076923076923
Loading data set ...
mk14 AUC_ROC: 0.7506682978384561
mk14 AUC_PRC: 0.044659223238139346
mk14 enrich_factor_0.5%: 5.536332179930795
mk14 enrich_factor_1%: 5.017301038062284
Loading data set ...
mp2k1 AUC_ROC: 0.8107427876083759
mp2k1 AUC_PRC: 0.08536012050050865
mp2k1 enrich_factor_0.5%: 11.570247933884296
mp2k1 enrich_factor_1%: 10.743801652892559
Loading data set ...
plk1 AUC_ROC: 0.8457105552501374
plk1 AUC_PRC: 0.07830971603164112
plk1 enrich_factor_0.5%: 7.476635514018691
plk1 enrich_factor_1%: 7.476635514018691
Loading data set ...
rock1 AUC_ROC: 0.8675460317460317
rock1 AUC_PRC: 0.19930893399971936
rock1 enrich_factor_0.5%: 24.0
rock1 enrich_factor_1%: 22.0
Loading data set ...
src AUC_ROC: 0.811489655935391
src AUC_PRC: 0.08863441004282552
src enrich_factor_0.5%: 14.885496183206108
src enrich_factor_1%: 10.49618320610687
Loading data set ...
tgfr1 AUC_ROC: 0.9027465723131358
tgfr1 AUC_PRC: 0.18691482568578377
tgfr1 enrich_factor_0.5%: 22.55639097744361
tgfr1 enrich_factor_1%: 17.293233082706767
Loading data set ...
vgfr2 AUC_ROC: 0.8049438948364198
vgfr2 AUC_PRC: 0.09756665828430339
vgfr2 enrich_factor_0.5%: 14.669926650366747
vgfr2 enrich_factor_1%: 11.246943765281173
Loading data set ...
wee1 AUC_ROC: 0.9424629363940699
wee1 AUC_PRC: 0.2243746728340323
wee1 enrich_factor_0.5%: 19.607843137254903
wee1 enrich_factor_1%: 18.627450980392158
Loading data set ...
fiting model for ['aces', 'ada', 'aldr', 'ampc', 'aofb', 'cah2', 'comt', 'cp2c9', 'cp3a4', 'def', 'dhi1', 'dyr', 'fabp4', 'fkb1a', 'fnta', 'fpps', 'glcm', 'gria2', 'grik1', 'hdac2', 'hdac8', 'hivint', 'hivrt', 'hmdh', 'hs90a', 'hxk4', 'inha', 'ital', 'kif11', 'kith', 'nos1', 'nram', 'pa2ga', 'parp1', 'pde5a', 'pgh1', 'pgh2', 'pnph', 'ptn1', 'pur2', 'pygm', 'pyrd', 'sahh', 'tysy', 'xiap']
first 10 important features explain 17.11453366987559%.
important_fp, importantance, active_occ, decoy_occ
 878, 0.015, 0.069, 0.026
 289, 0.015, 0.129, 0.054
 171, 0.015, 0.020, 0.078
 939, 0.015, 0.015, 0.068
 145, 0.016, 0.034, 0.098
 425, 0.016, 0.022, 0.079
 831, 0.018, 0.378, 0.255
 562, 0.020, 0.131, 0.047
 444, 0.021, 0.023, 0.074
 786, 0.022, 0.113, 0.043
Loading data set ...
aces AUC_ROC: 0.884757195416798
aces AUC_PRC: 0.1834834117556733
aces enrich_factor_0.5%: 17.218543046357613
aces enrich_factor_1%: 20.309050772626932
Loading data set ...
ada AUC_ROC: 0.8413258360461675
ada AUC_PRC: 0.13823135303977738
ada enrich_factor_0.5%: 17.204301075268816
ada enrich_factor_1%: 16.129032258064516
Loading data set ...
aldr AUC_ROC: 0.7216212438853948
aldr AUC_PRC: 0.045970506544915524
aldr enrich_factor_0.5%: 0.0
aldr enrich_factor_1%: 3.1446540880503147
Loading data set ...
ampc AUC_ROC: 0.6329020467836257
ampc AUC_PRC: 0.026910179952291398
ampc enrich_factor_0.5%: 0.0
ampc enrich_factor_1%: 0.0
Loading data set ...
aofb AUC_ROC: 0.7753908291755761
aofb AUC_PRC: 0.052035912134258434
aofb enrich_factor_0.5%: 3.278688524590164
aofb enrich_factor_1%: 3.278688524590164
Loading data set ...
cah2 AUC_ROC: 0.7618166162253179
cah2 AUC_PRC: 0.05883490158658519
cah2 enrich_factor_0.5%: 9.34959349593496
cah2 enrich_factor_1%: 7.926829268292683
Loading data set ...
comt AUC_ROC: 0.144390243902439
comt AUC_PRC: 0.005874461357402634
comt enrich_factor_0.5%: 0.0
comt enrich_factor_1%: 0.0
Loading data set ...
cp2c9 AUC_ROC: 0.8833545861297539
cp2c9 AUC_PRC: 0.33666276349622026
cp2c9 enrich_factor_0.5%: 41.66666666666667
cp2c9 enrich_factor_1%: 27.5
Loading data set ...
cp3a4 AUC_ROC: 0.913285144566301
cp3a4 AUC_PRC: 0.3264703548630557
cp3a4 enrich_factor_0.5%: 42.35294117647059
cp3a4 enrich_factor_1%: 31.176470588235293
Loading data set ...
def AUC_ROC: 0.7617199862401102
def AUC_PRC: 0.04664821920968869
def enrich_factor_0.5%: 0.0
def enrich_factor_1%: 0.9803921568627452
Loading data set ...
dhi1 AUC_ROC: 0.7536714431133037
dhi1 AUC_PRC: 0.03757346786182688
dhi1 enrich_factor_0.5%: 0.606060606060606
dhi1 enrich_factor_1%: 1.212121212121212
Loading data set ...
dyr AUC_ROC: 0.8663419913419914
dyr AUC_PRC: 0.10104860581404265
dyr enrich_factor_0.5%: 8.658008658008658
dyr enrich_factor_1%: 14.718614718614718
Loading data set ...
fabp4 AUC_ROC: 0.92078916827853
fabp4 AUC_PRC: 0.23666483257241383
fabp4 enrich_factor_0.5%: 17.02127659574468
fabp4 enrich_factor_1%: 17.02127659574468
Loading data set ...
fkb1a AUC_ROC: 0.8653836595215907
fkb1a AUC_PRC: 0.121435257375621
fkb1a enrich_factor_0.5%: 7.207207207207208
fkb1a enrich_factor_1%: 11.711711711711713
Loading data set ...
fnta AUC_ROC: 0.8691278207819471
fnta AUC_PRC: 0.15755711622232313
fnta enrich_factor_0.5%: 29.3918918918919
fnta enrich_factor_1%: 22.635135135135137
Loading data set ...
fpps AUC_ROC: 0.8763801927550681
fpps AUC_PRC: 0.20535460102205066
fpps enrich_factor_0.5%: 37.647058823529406
fpps enrich_factor_1%: 23.529411764705877
Loading data set ...
glcm AUC_ROC: 0.7201803118908382
glcm AUC_PRC: 0.06027497811706818
glcm enrich_factor_0.5%: 14.814814814814815
glcm enrich_factor_1%: 12.962962962962964
Loading data set ...
gria2 AUC_ROC: 0.6879279298534338
gria2 AUC_PRC: 0.043958429625199934
gria2 enrich_factor_0.5%: 7.594936708860759
gria2 enrich_factor_1%: 8.860759493670885
Loading data set ...
grik1 AUC_ROC: 0.6364114579396871
grik1 AUC_PRC: 0.025187944251577124
grik1 enrich_factor_0.5%: 0.0
grik1 enrich_factor_1%: 0.0
Loading data set ...
hdac2 AUC_ROC: 0.8273723432170035
hdac2 AUC_PRC: 0.10017236467139959
hdac2 enrich_factor_0.5%: 10.81081081081081
hdac2 enrich_factor_1%: 8.64864864864865
Loading data set ...
hdac8 AUC_ROC: 0.8254280889389249
hdac8 AUC_PRC: 0.06808576631641079
hdac8 enrich_factor_0.5%: 4.705882352941176
hdac8 enrich_factor_1%: 3.5294117647058822
Loading data set ...
hivint AUC_ROC: 0.7690120300751879
hivint AUC_PRC: 0.035223168399498433
hivint enrich_factor_0.5%: 2.0
hivint enrich_factor_1%: 1.0
Loading data set ...
hivrt AUC_ROC: 0.7197810923394534
hivrt AUC_PRC: 0.04088906204912256
hivrt enrich_factor_0.5%: 2.366863905325444
hivrt enrich_factor_1%: 2.0710059171597632
Loading data set ...
hmdh AUC_ROC: 0.7410971428571429
hmdh AUC_PRC: 0.04220715647247554
hmdh enrich_factor_0.5%: 1.1764705882352942
hmdh enrich_factor_1%: 1.1764705882352942
Loading data set ...
hs90a AUC_ROC: 0.8569868791002812
hs90a AUC_PRC: 0.13043258539865468
hs90a enrich_factor_0.5%: 4.545454545454545
hs90a enrich_factor_1%: 9.09090909090909
Loading data set ...
hxk4 AUC_ROC: 0.919764107308048
hxk4 AUC_PRC: 0.27627795689386064
hxk4 enrich_factor_0.5%: 21.73913043478261
hxk4 enrich_factor_1%: 23.91304347826087
Loading data set ...
inha AUC_ROC: 0.7782103134479272
inha AUC_PRC: 0.07058824522638488
inha enrich_factor_0.5%: 9.30232558139535
inha enrich_factor_1%: 4.651162790697675
Loading data set ...
ital AUC_ROC: 0.7656751918158567
ital AUC_PRC: 0.04527145265166977
ital enrich_factor_0.5%: 7.246376811594203
ital enrich_factor_1%: 5.797101449275363
Loading data set ...
kif11 AUC_ROC: 0.7550427888245658
kif11 AUC_PRC: 0.04837196216029209
kif11 enrich_factor_0.5%: 0.0
kif11 enrich_factor_1%: 1.7241379310344829
Loading data set ...
kith AUC_ROC: 0.5937888581101878
kith AUC_PRC: 0.1258121772164665
kith enrich_factor_0.5%: 28.070175438596493
kith enrich_factor_1%: 17.54385964912281
Loading data set ...
nos1 AUC_ROC: 0.8739565217391305
nos1 AUC_PRC: 0.09513025601456142
nos1 enrich_factor_0.5%: 12.0
nos1 enrich_factor_1%: 10.0
Loading data set ...
nram AUC_ROC: 0.6044486504279132
nram AUC_PRC: 0.018157836201816206
nram enrich_factor_0.5%: 0.0
nram enrich_factor_1%: 0.0
Loading data set ...
pa2ga AUC_ROC: 0.8163028341669119
pa2ga AUC_PRC: 0.06443501029881138
pa2ga enrich_factor_0.5%: 8.080808080808081
pa2ga enrich_factor_1%: 5.050505050505051
Loading data set ...
parp1 AUC_ROC: 0.8694654578327459
parp1 AUC_PRC: 0.10867102563753843
parp1 enrich_factor_0.5%: 12.20472440944882
parp1 enrich_factor_1%: 11.61417322834646
Loading data set ...
pde5a AUC_ROC: 0.8693134456310592
pde5a AUC_PRC: 0.11212190988122717
pde5a enrich_factor_0.5%: 16.58291457286432
pde5a enrich_factor_1%: 13.065326633165828
Loading data set ...
pgh1 AUC_ROC: 0.6817927350427351
pgh1 AUC_PRC: 0.030408412394863124
pgh1 enrich_factor_0.5%: 0.0
pgh1 enrich_factor_1%: 1.0256410256410255
Loading data set ...
pgh2 AUC_ROC: 0.7344265534619299
pgh2 AUC_PRC: 0.04019066984382866
pgh2 enrich_factor_0.5%: 1.3793103448275863
pgh2 enrich_factor_1%: 1.3793103448275863
Loading data set ...
pnph AUC_ROC: 0.8486330935251799
pnph AUC_PRC: 0.17851989422298678
pnph enrich_factor_0.5%: 21.359223300970875
pnph enrich_factor_1%: 16.50485436893204
Loading data set ...
ptn1 AUC_ROC: 0.9037029177718833
ptn1 AUC_PRC: 0.1352929472425594
ptn1 enrich_factor_0.5%: 9.230769230769232
ptn1 enrich_factor_1%: 10.000000000000002
Loading data set ...
pur2 AUC_ROC: 0.8404888888888888
pur2 AUC_PRC: 0.10187594803285391
pur2 enrich_factor_0.5%: 12.0
pur2 enrich_factor_1%: 8.0
Loading data set ...
pygm AUC_ROC: 0.8103896103896104
pygm AUC_PRC: 0.06963387548842355
pygm enrich_factor_0.5%: 0.0
pygm enrich_factor_1%: 1.2987012987012987
Loading data set ...
pyrd AUC_ROC: 0.9152720162022489
pyrd AUC_PRC: 0.23836077648784124
pyrd enrich_factor_0.5%: 28.82882882882883
pyrd enrich_factor_1%: 24.324324324324326
Loading data set ...
sahh AUC_ROC: 0.8822360248447205
sahh AUC_PRC: 0.15737438232207623
sahh enrich_factor_0.5%: 12.698412698412698
sahh enrich_factor_1%: 9.523809523809524
Loading data set ...
tysy AUC_ROC: 0.8854692490655793
tysy AUC_PRC: 0.11011059627066656
tysy enrich_factor_0.5%: 3.669724770642201
tysy enrich_factor_1%: 6.422018348623852
Loading data set ...
xiap AUC_ROC: 0.8625922330097087
xiap AUC_PRC: 0.15880470661339485
xiap enrich_factor_0.5%: 22.0
xiap enrich_factor_1%: 11.999999999999998
average:
roc: 0.8021955919978827
prc: 0.10769877094682433
EF0.5%: 11.489977356653108
EF1%: 9.954009778329665

