Loading data set ...
fiting model for ['aa2ar', 'adrb1', 'adrb2', 'cxcr4', 'drd3', 'andr', 'esr1', 'esr2', 'gcr', 'mcr', 'ppara', 'ppard', 'pparg', 'prgr', 'rxra', 'thb', 'ace', 'ada17', 'bace1', 'casp3', 'dpp4', 'fa10', 'fa7', 'hivpr', 'lkha4', 'mmp13', 'reni', 'thrb', 'try1', 'tryb1', 'urok']
first 10 important features explain 22.759421278334635%.
important_fp, importantance, active_occ, decoy_occ
 333, 0.018, 0.277, 0.126
 698, 0.020, 0.199, 0.352
 362, 0.020, 0.032, 0.111
 458, 0.021, 0.122, 0.031
 715, 0.022, 0.113, 0.259
 579, 0.022, 0.137, 0.026
 323, 0.023, 0.125, 0.034
 136, 0.025, 0.261, 0.092
 831, 0.026, 0.402, 0.239
 511, 0.032, 0.264, 0.092
Loading data set ...
aa2ar AUC_ROC: 0.937651623254927
aa2ar AUC_PRC: 0.26970394733993386
aa2ar enrich_factor_0.5%: 31.95020746887967
aa2ar enrich_factor_1%: 25.72614107883817
Loading data set ...
adrb1 AUC_ROC: 0.8599509572280616
adrb1 AUC_PRC: 0.07044368968395903
adrb1 enrich_factor_0.5%: 3.238866396761134
adrb1 enrich_factor_1%: 4.858299595141701
Loading data set ...
adrb2 AUC_ROC: 0.8326620490620491
adrb2 AUC_PRC: 0.06966951648300972
adrb2 enrich_factor_0.5%: 10.38961038961039
adrb2 enrich_factor_1%: 8.65800865800866
Loading data set ...
cxcr4 AUC_ROC: 0.9459997064004697
cxcr4 AUC_PRC: 0.2030332434569501
cxcr4 enrich_factor_0.5%: 15.0
cxcr4 enrich_factor_1%: 30.0
Loading data set ...
drd3 AUC_ROC: 0.9606708883994126
drd3 AUC_PRC: 0.34647505360548736
drd3 enrich_factor_0.5%: 38.333333333333336
drd3 enrich_factor_1%: 32.29166666666667
Loading data set ...
andr AUC_ROC: 0.6794794243747004
andr AUC_PRC: 0.03660618530683885
andr enrich_factor_0.5%: 2.2304832713754648
andr enrich_factor_1%: 2.6022304832713754
Loading data set ...
esr1 AUC_ROC: 0.9348222845353433
esr1 AUC_PRC: 0.3407803146258915
esr1 enrich_factor_0.5%: 32.37597911227154
esr1 enrich_factor_1%: 25.326370757180154
Loading data set ...
esr2 AUC_ROC: 0.9249930494036651
esr2 AUC_PRC: 0.32272322194477293
esr2 enrich_factor_0.5%: 32.15258855585831
esr2 enrich_factor_1%: 26.430517711171664
Loading data set ...
gcr AUC_ROC: 0.7769032147362795
gcr AUC_PRC: 0.06495628153681503
gcr enrich_factor_0.5%: 4.651162790697675
gcr enrich_factor_1%: 6.9767441860465125
Loading data set ...
mcr AUC_ROC: 0.740609378227639
mcr AUC_PRC: 0.036589057765251704
mcr enrich_factor_0.5%: 0.0
mcr enrich_factor_1%: 1.0638297872340425
Loading data set ...
ppara AUC_ROC: 0.9356641611249136
ppara AUC_PRC: 0.2326069274567115
ppara enrich_factor_0.5%: 17.158176943699733
ppara enrich_factor_1%: 19.57104557640751
Loading data set ...
ppard AUC_ROC: 0.9456615646258504
ppard AUC_PRC: 0.3298138713207143
ppard enrich_factor_0.5%: 29.166666666666668
ppard enrich_factor_1%: 25.416666666666668
Loading data set ...
pparg AUC_ROC: 0.927105968052788
pparg AUC_PRC: 0.23601961651727274
pparg enrich_factor_0.5%: 18.18181818181818
pparg enrich_factor_1%: 20.041322314049584
Loading data set ...
prgr AUC_ROC: 0.7138551287223719
prgr AUC_PRC: 0.051461409222175264
prgr enrich_factor_0.5%: 2.7303754266211606
prgr enrich_factor_1%: 5.1194539249146755
Loading data set ...
rxra AUC_ROC: 0.6801142292273052
rxra AUC_PRC: 0.02898607673810223
rxra enrich_factor_0.5%: 0.0
rxra enrich_factor_1%: 0.0
Loading data set ...
thb AUC_ROC: 0.9245924284876523
thb AUC_PRC: 0.1446712911160355
thb enrich_factor_0.5%: 13.592233009708737
thb enrich_factor_1%: 13.592233009708737
Loading data set ...
ace AUC_ROC: 0.8850889672248101
ace AUC_PRC: 0.14734343991711257
ace enrich_factor_0.5%: 12.056737588652483
ace enrich_factor_1%: 13.120567375886525
Loading data set ...
ada17 AUC_ROC: 0.77588084068109
ada17 AUC_PRC: 0.03982152295901216
ada17 enrich_factor_0.5%: 0.7518796992481203
ada17 enrich_factor_1%: 2.6315789473684212
Loading data set ...
bace1 AUC_ROC: 0.8882609374694961
bace1 AUC_PRC: 0.1709800822104137
bace1 enrich_factor_0.5%: 21.908127208480565
bace1 enrich_factor_1%: 18.021201413427562
Loading data set ...
casp3 AUC_ROC: 0.8024064246465975
casp3 AUC_PRC: 0.04694955174666774
casp3 enrich_factor_0.5%: 0.0
casp3 enrich_factor_1%: 1.0050251256281406
Loading data set ...
dpp4 AUC_ROC: 0.8323483148420057
dpp4 AUC_PRC: 0.051284600502755906
dpp4 enrich_factor_0.5%: 5.628517823639775
dpp4 enrich_factor_1%: 5.816135084427768
Loading data set ...
fa10 AUC_ROC: 0.919005754239252
fa10 AUC_PRC: 0.22976836908803658
fa10 enrich_factor_0.5%: 23.09124767225326
fa10 enrich_factor_1%: 21.22905027932961
Loading data set ...
fa7 AUC_ROC: 0.777219649122807
fa7 AUC_PRC: 0.22493940207227694
fa7 enrich_factor_0.5%: 28.070175438596486
fa7 enrich_factor_1%: 25.43859649122807
Loading data set ...
hivpr AUC_ROC: 0.7907401367289427
hivpr AUC_PRC: 0.05036795724986068
hivpr enrich_factor_0.5%: 5.223880597014926
hivpr enrich_factor_1%: 5.783582089552238
Loading data set ...
lkha4 AUC_ROC: 0.9623738358241282
lkha4 AUC_PRC: 0.47336933302610723
lkha4 enrich_factor_0.5%: 39.76608187134503
lkha4 enrich_factor_1%: 34.50292397660819
Loading data set ...
mmp13 AUC_ROC: 0.848532831415896
mmp13 AUC_PRC: 0.06743258871026012
mmp13 enrich_factor_0.5%: 6.9930069930069925
mmp13 enrich_factor_1%: 7.1678321678321675
Loading data set ...
reni AUC_ROC: 0.8835540716828443
reni AUC_PRC: 0.1553459951188669
reni enrich_factor_0.5%: 13.46153846153846
reni enrich_factor_1%: 19.230769230769226
Loading data set ...
thrb AUC_ROC: 0.8060513891892291
thrb AUC_PRC: 0.05889265651528849
thrb enrich_factor_0.5%: 6.073752711496746
thrb enrich_factor_1%: 6.290672451193059
Loading data set ...
try1 AUC_ROC: 0.8711834184596341
try1 AUC_PRC: 0.13109035304634317
try1 enrich_factor_0.5%: 17.37193763919822
try1 enrich_factor_1%: 14.253897550111358
Loading data set ...
tryb1 AUC_ROC: 0.8972186892775128
tryb1 AUC_PRC: 0.16314188116008715
tryb1 enrich_factor_0.5%: 13.513513513513512
tryb1 enrich_factor_1%: 14.18918918918919
Loading data set ...
urok AUC_ROC: 0.892969856489315
urok AUC_PRC: 0.1706807681538806
urok enrich_factor_0.5%: 23.456790123456788
urok enrich_factor_1%: 18.518518518518515
Loading data set ...
fiting model for ['abl1', 'akt1', 'akt2', 'braf', 'cdk2', 'csf1r', 'egfr', 'fak1', 'fgfr1', 'igf1r', 'jak2', 'kit', 'kpcb', 'lck', 'mapk2', 'met', 'mk01', 'mk10', 'mk14', 'mp2k1', 'plk1', 'rock1', 'src', 'tgfr1', 'vgfr2', 'wee1']
first 10 important features explain 23.80503902457211%.
important_fp, importantance, active_occ, decoy_occ
 362, 0.015, 0.040, 0.099
 322, 0.019, 0.241, 0.126
 705, 0.019, 0.028, 0.102
 799, 0.020, 0.035, 0.122
 675, 0.023, 0.170, 0.292
 136, 0.023, 0.221, 0.094
 767, 0.027, 0.111, 0.031
1007, 0.029, 0.010, 0.078
  33, 0.032, 0.622, 0.788
 792, 0.032, 0.101, 0.211
Loading data set ...
abl1 AUC_ROC: 0.8814367492972144
abl1 AUC_PRC: 0.19804081065645712
abl1 enrich_factor_0.5%: 25.274725274725274
abl1 enrich_factor_1%: 18.13186813186813
Loading data set ...
akt1 AUC_ROC: 0.9721103353838811
akt1 AUC_PRC: 0.5802896403355564
akt1 enrich_factor_0.5%: 47.098976109215016
akt1 enrich_factor_1%: 42.32081911262798
Loading data set ...
akt2 AUC_ROC: 0.9521999256781866
akt2 AUC_PRC: 0.53735411876686
akt2 enrich_factor_0.5%: 51.282051282051285
akt2 enrich_factor_1%: 42.73504273504274
Loading data set ...
braf AUC_ROC: 0.9166708542713567
braf AUC_PRC: 0.25199862473636625
braf enrich_factor_0.5%: 31.57894736842105
braf enrich_factor_1%: 26.973684210526315
Loading data set ...
cdk2 AUC_ROC: 0.7925842934951404
cdk2 AUC_PRC: 0.09400085082829346
cdk2 enrich_factor_0.5%: 12.658227848101266
cdk2 enrich_factor_1%: 10.126582278481012
Loading data set ...
csf1r AUC_ROC: 0.7574092567487829
csf1r AUC_PRC: 0.05279096107682279
csf1r enrich_factor_0.5%: 8.433734939759034
csf1r enrich_factor_1%: 8.433734939759034
Loading data set ...
egfr AUC_ROC: 0.8728718593890645
egfr AUC_PRC: 0.18928160068985553
egfr enrich_factor_0.5%: 25.830258302583026
egfr enrich_factor_1%: 20.47970479704797
Loading data set ...
fak1 AUC_ROC: 0.9091327102803738
fak1 AUC_PRC: 0.13021741455583025
fak1 enrich_factor_0.5%: 4.0
fak1 enrich_factor_1%: 8.0
Loading data set ...
fgfr1 AUC_ROC: 0.9320788886132473
fgfr1 AUC_PRC: 0.38194766309298733
fgfr1 enrich_factor_0.5%: 40.28776978417266
fgfr1 enrich_factor_1%: 31.654676258992804
Loading data set ...
igf1r AUC_ROC: 0.9377913397268236
igf1r AUC_PRC: 0.31394708472389743
igf1r enrich_factor_0.5%: 37.83783783783784
igf1r enrich_factor_1%: 27.027027027027028
Loading data set ...
jak2 AUC_ROC: 0.8943364485981309
jak2 AUC_PRC: 0.2525618737613488
jak2 enrich_factor_0.5%: 33.6448598130841
jak2 enrich_factor_1%: 26.168224299065418
Loading data set ...
kit AUC_ROC: 0.7966097884360408
kit AUC_PRC: 0.061741969551516465
kit enrich_factor_0.5%: 3.6144578313253017
kit enrich_factor_1%: 5.421686746987953
Loading data set ...
kpcb AUC_ROC: 0.9248275862068964
kpcb AUC_PRC: 0.24143421370080262
kpcb enrich_factor_0.5%: 25.185185185185183
kpcb enrich_factor_1%: 20.74074074074074
Loading data set ...
lck AUC_ROC: 0.8154645029544665
lck AUC_PRC: 0.18553448153912983
lck enrich_factor_0.5%: 26.666666666666668
lck enrich_factor_1%: 16.904761904761905
Loading data set ...
mapk2 AUC_ROC: 0.8352652338404571
mapk2 AUC_PRC: 0.15280185070432617
mapk2 enrich_factor_0.5%: 19.801980198019802
mapk2 enrich_factor_1%: 15.841584158415841
Loading data set ...
met AUC_ROC: 0.9132658634538153
met AUC_PRC: 0.1619294157778169
met enrich_factor_0.5%: 21.686746987951807
met enrich_factor_1%: 17.46987951807229
Loading data set ...
mk01 AUC_ROC: 0.8644122965641953
mk01 AUC_PRC: 0.15323374119608474
mk01 enrich_factor_0.5%: 15.189873417721518
mk01 enrich_factor_1%: 16.455696202531648
Loading data set ...
mk10 AUC_ROC: 0.9246925990675992
mk10 AUC_PRC: 0.223363780576412
mk10 enrich_factor_0.5%: 21.153846153846153
mk10 enrich_factor_1%: 22.115384615384617
Loading data set ...
mk14 AUC_ROC: 0.8364888785935245
mk14 AUC_PRC: 0.10434514938268745
mk14 enrich_factor_0.5%: 14.878892733564014
mk14 enrich_factor_1%: 11.937716262975778
Loading data set ...
mp2k1 AUC_ROC: 0.8922851493180551
mp2k1 AUC_PRC: 0.2205492815912931
mp2k1 enrich_factor_0.5%: 31.404958677685944
mp2k1 enrich_factor_1%: 24.793388429752063
Loading data set ...
plk1 AUC_ROC: 0.8589747113798789
plk1 AUC_PRC: 0.10273705095332689
plk1 enrich_factor_0.5%: 11.214953271028035
plk1 enrich_factor_1%: 10.2803738317757
Loading data set ...
rock1 AUC_ROC: 0.8974698412698412
rock1 AUC_PRC: 0.33102695052341535
rock1 enrich_factor_0.5%: 42.0
rock1 enrich_factor_1%: 25.0
Loading data set ...
src AUC_ROC: 0.909669764354464
src AUC_PRC: 0.29488785108351373
src enrich_factor_0.5%: 35.49618320610687
src enrich_factor_1%: 26.7175572519084
Loading data set ...
tgfr1 AUC_ROC: 0.9470375939849625
tgfr1 AUC_PRC: 0.3592349792284872
tgfr1 enrich_factor_0.5%: 34.58646616541353
tgfr1 enrich_factor_1%: 28.571428571428573
Loading data set ...
vgfr2 AUC_ROC: 0.8692312268127225
vgfr2 AUC_PRC: 0.23144693847869144
vgfr2 enrich_factor_0.5%: 29.339853300733495
vgfr2 enrich_factor_1%: 20.78239608801956
Loading data set ...
wee1 AUC_ROC: 0.9750725330782719
wee1 AUC_PRC: 0.6418602762153941
wee1 enrich_factor_0.5%: 52.94117647058824
wee1 enrich_factor_1%: 43.13725490196079
Loading data set ...
fiting model for ['aces', 'ada', 'aldr', 'ampc', 'aofb', 'cah2', 'comt', 'cp2c9', 'cp3a4', 'def', 'dhi1', 'dyr', 'fabp4', 'fkb1a', 'fnta', 'fpps', 'glcm', 'gria2', 'grik1', 'hdac2', 'hdac8', 'hivint', 'hivrt', 'hmdh', 'hs90a', 'hxk4', 'inha', 'ital', 'kif11', 'kith', 'nos1', 'nram', 'pa2ga', 'parp1', 'pde5a', 'pgh1', 'pgh2', 'pnph', 'ptn1', 'pur2', 'pygm', 'pyrd', 'sahh', 'tysy', 'xiap']
first 10 important features explain 24.92453471599461%.
important_fp, importantance, active_occ, decoy_occ
 102, 0.017, 0.131, 0.050
 341, 0.019, 0.076, 0.179
 799, 0.019, 0.034, 0.133
 705, 0.021, 0.023, 0.122
 322, 0.024, 0.274, 0.136
 715, 0.024, 0.106, 0.256
 362, 0.025, 0.033, 0.122
 491, 0.026, 0.141, 0.031
 842, 0.034, 0.216, 0.060
 136, 0.040, 0.275, 0.101
Loading data set ...
aces AUC_ROC: 0.8901803847366763
aces AUC_PRC: 0.14664434979180438
aces enrich_factor_0.5%: 15.011037527593817
aces enrich_factor_1%: 10.596026490066224
Loading data set ...
ada AUC_ROC: 0.8115576600572161
ada AUC_PRC: 0.07344546302869363
ada enrich_factor_0.5%: 8.602150537634408
ada enrich_factor_1%: 6.451612903225806
Loading data set ...
aldr AUC_ROC: 0.8301991614255765
aldr AUC_PRC: 0.06842029468521492
aldr enrich_factor_0.5%: 2.5157232704402515
aldr enrich_factor_1%: 2.5157232704402515
Loading data set ...
ampc AUC_ROC: 0.6933479532163742
ampc AUC_PRC: 0.07460543337967955
ampc enrich_factor_0.5%: 12.499999999999998
ampc enrich_factor_1%: 12.499999999999998
Loading data set ...
aofb AUC_ROC: 0.787871228320266
aofb AUC_PRC: 0.09437632790795138
aofb enrich_factor_0.5%: 11.475409836065575
aofb enrich_factor_1%: 10.655737704918034
Loading data set ...
cah2 AUC_ROC: 0.7199324636243283
cah2 AUC_PRC: 0.041670266066579816
cah2 enrich_factor_0.5%: 6.504065040650407
cah2 enrich_factor_1%: 4.67479674796748
Loading data set ...
comt AUC_ROC: 0.19211276528349702
comt AUC_PRC: 0.00622810506412098
comt enrich_factor_0.5%: 0.0
comt enrich_factor_1%: 0.0
Loading data set ...
cp2c9 AUC_ROC: 0.9135894854586131
cp2c9 AUC_PRC: 0.40886053650437737
cp2c9 enrich_factor_0.5%: 51.66666666666667
cp2c9 enrich_factor_1%: 32.5
Loading data set ...
cp3a4 AUC_ROC: 0.9123848454636092
cp3a4 AUC_PRC: 0.31240930323594485
cp3a4 enrich_factor_0.5%: 44.705882352941174
cp3a4 enrich_factor_1%: 28.235294117647058
Loading data set ...
def AUC_ROC: 0.7248194014447884
def AUC_PRC: 0.029232007595947802
def enrich_factor_0.5%: 0.0
def enrich_factor_1%: 0.0
Loading data set ...
dhi1 AUC_ROC: 0.7789894291754755
dhi1 AUC_PRC: 0.047603354034049354
dhi1 enrich_factor_0.5%: 2.424242424242424
dhi1 enrich_factor_1%: 3.03030303030303
Loading data set ...
dyr AUC_ROC: 0.8647233967582804
dyr AUC_PRC: 0.08911431622942963
dyr enrich_factor_0.5%: 12.121212121212123
dyr enrich_factor_1%: 10.38961038961039
Loading data set ...
fabp4 AUC_ROC: 0.9499961315280464
fabp4 AUC_PRC: 0.3421318015206038
fabp4 enrich_factor_0.5%: 42.5531914893617
fabp4 enrich_factor_1%: 27.659574468085108
Loading data set ...
fkb1a AUC_ROC: 0.8621916744330538
fkb1a AUC_PRC: 0.08196631133378846
fkb1a enrich_factor_0.5%: 7.207207207207208
fkb1a enrich_factor_1%: 6.306306306306307
Loading data set ...
fnta AUC_ROC: 0.8831151928627656
fnta AUC_PRC: 0.18075953945596632
fnta enrich_factor_0.5%: 28.71621621621622
fnta enrich_factor_1%: 23.47972972972973
Loading data set ...
fpps AUC_ROC: 0.9355706214689266
fpps AUC_PRC: 0.30115959153694183
fpps enrich_factor_0.5%: 44.705882352941174
fpps enrich_factor_1%: 32.94117647058823
Loading data set ...
glcm AUC_ROC: 0.7474122807017544
glcm AUC_PRC: 0.04506143788655005
glcm enrich_factor_0.5%: 3.7037037037037037
glcm enrich_factor_1%: 3.7037037037037037
Loading data set ...
gria2 AUC_ROC: 0.8068174896206806
gria2 AUC_PRC: 0.07703760862816873
gria2 enrich_factor_0.5%: 11.39240506329114
gria2 enrich_factor_1%: 10.126582278481013
Loading data set ...
grik1 AUC_ROC: 0.7920897891315849
grik1 AUC_PRC: 0.04820411203418968
grik1 enrich_factor_0.5%: 3.9603960396039604
grik1 enrich_factor_1%: 4.9504950495049505
Loading data set ...
hdac2 AUC_ROC: 0.8524660194174757
hdac2 AUC_PRC: 0.14817582205225013
hdac2 enrich_factor_0.5%: 18.37837837837838
hdac2 enrich_factor_1%: 14.054054054054054
Loading data set ...
hdac8 AUC_ROC: 0.8494359696031523
hdac8 AUC_PRC: 0.09482376793983419
hdac8 enrich_factor_0.5%: 12.941176470588236
hdac8 enrich_factor_1%: 9.411764705882351
Loading data set ...
hivint AUC_ROC: 0.855615037593985
hivint AUC_PRC: 0.0576171882109335
hivint enrich_factor_0.5%: 0.0
hivint enrich_factor_1%: 1.0
Loading data set ...
hivrt AUC_ROC: 0.7052603866654513
hivrt AUC_PRC: 0.03794495239993969
hivrt enrich_factor_0.5%: 2.9585798816568047
hivrt enrich_factor_1%: 3.5502958579881656
Loading data set ...
hmdh AUC_ROC: 0.9408531092436975
hmdh AUC_PRC: 0.26085303647393876
hmdh enrich_factor_0.5%: 18.823529411764707
hmdh enrich_factor_1%: 20.0
Loading data set ...
hs90a AUC_ROC: 0.8410543580131209
hs90a AUC_PRC: 0.07784099247075596
hs90a enrich_factor_0.5%: 9.09090909090909
hs90a enrich_factor_1%: 7.954545454545453
Loading data set ...
hxk4 AUC_ROC: 0.9146947271045327
hxk4 AUC_PRC: 0.3500365768268166
hxk4 enrich_factor_0.5%: 30.434782608695652
hxk4 enrich_factor_1%: 25.0
Loading data set ...
inha AUC_ROC: 0.8262487360970678
inha AUC_PRC: 0.1580227640312287
inha enrich_factor_0.5%: 4.651162790697675
inha enrich_factor_1%: 13.953488372093023
Loading data set ...
ital AUC_ROC: 0.8803972719522591
ital AUC_PRC: 0.10631681275167246
ital enrich_factor_0.5%: 7.246376811594203
ital enrich_factor_1%: 12.318840579710146
Loading data set ...
kif11 AUC_ROC: 0.8039743267052605
kif11 AUC_PRC: 0.11211240608925009
kif11 enrich_factor_0.5%: 10.344827586206897
kif11 enrich_factor_1%: 14.655172413793105
Loading data set ...
kith AUC_ROC: 0.7816066481994459
kith AUC_PRC: 0.1298753026495185
kith enrich_factor_0.5%: 17.54385964912281
kith enrich_factor_1%: 19.29824561403509
Loading data set ...
nos1 AUC_ROC: 0.8389826086956521
nos1 AUC_PRC: 0.08578958164409058
nos1 enrich_factor_0.5%: 12.0
nos1 enrich_factor_1%: 12.0
Loading data set ...
nram AUC_ROC: 0.5177353522053983
nram AUC_PRC: 0.015054237826022544
nram enrich_factor_0.5%: 0.0
nram enrich_factor_1%: 0.0
Loading data set ...
pa2ga AUC_ROC: 0.8295204471903501
pa2ga AUC_PRC: 0.15197095395457938
pa2ga enrich_factor_0.5%: 16.161616161616163
pa2ga enrich_factor_1%: 13.131313131313131
Loading data set ...
parp1 AUC_ROC: 0.8834394775112345
parp1 AUC_PRC: 0.1283469226629831
parp1 enrich_factor_0.5%: 11.811023622047246
parp1 enrich_factor_1%: 11.220472440944883
Loading data set ...
pde5a AUC_ROC: 0.8983218269204462
pde5a AUC_PRC: 0.20789956184586142
pde5a enrich_factor_0.5%: 33.16582914572864
pde5a enrich_factor_1%: 25.628140703517587
Loading data set ...
pgh1 AUC_ROC: 0.8113964862298195
pgh1 AUC_PRC: 0.08216604297981424
pgh1 enrich_factor_0.5%: 7.179487179487179
pgh1 enrich_factor_1%: 7.179487179487179
Loading data set ...
pgh2 AUC_ROC: 0.814515925622502
pgh2 AUC_PRC: 0.09379814665565839
pgh2 enrich_factor_0.5%: 11.03448275862069
pgh2 enrich_factor_1%: 8.965517241379311
Loading data set ...
pnph AUC_ROC: 0.8565523503527275
pnph AUC_PRC: 0.11399620969690946
pnph enrich_factor_0.5%: 21.359223300970875
pnph enrich_factor_1%: 10.679611650485437
Loading data set ...
ptn1 AUC_ROC: 0.9350652519893898
ptn1 AUC_PRC: 0.19942696763276666
ptn1 enrich_factor_0.5%: 16.923076923076923
ptn1 enrich_factor_1%: 19.230769230769234
Loading data set ...
pur2 AUC_ROC: 0.9418370370370371
pur2 AUC_PRC: 0.4513072173890908
pur2 enrich_factor_0.5%: 44.00000000000001
pur2 enrich_factor_1%: 30.0
Loading data set ...
pygm AUC_ROC: 0.8448232779878351
pygm AUC_PRC: 0.21044275745616553
pygm enrich_factor_0.5%: 28.57142857142857
pygm enrich_factor_1%: 20.77922077922078
Loading data set ...
pyrd AUC_ROC: 0.9386940428800894
pyrd AUC_PRC: 0.4559138344148179
pyrd enrich_factor_0.5%: 45.04504504504504
pyrd enrich_factor_1%: 37.83783783783784
Loading data set ...
sahh AUC_ROC: 0.8468553025074764
sahh AUC_PRC: 0.06720993938906102
sahh enrich_factor_0.5%: 6.349206349206349
sahh enrich_factor_1%: 6.349206349206349
Loading data set ...
tysy AUC_ROC: 0.8749045191980971
tysy AUC_PRC: 0.13972607938695145
tysy enrich_factor_0.5%: 16.513761467889907
tysy enrich_factor_1%: 14.678899082568805
Loading data set ...
xiap AUC_ROC: 0.9002058252427185
xiap AUC_PRC: 0.10264220417449206
xiap enrich_factor_0.5%: 0.0
xiap enrich_factor_1%: 4.999999999999999
average:
roc: 0.850140383145413
prc: 0.1757132080220537
EF0.5%: 18.46961247812779
EF1%: 15.85969449667588

