Loading data set ...
fiting model for ['aa2ar', 'adrb1', 'adrb2', 'cxcr4', 'drd3', 'andr', 'esr1', 'esr2', 'gcr', 'mcr', 'ppara', 'ppard', 'pparg', 'prgr', 'rxra', 'thb', 'ace', 'ada17', 'bace1', 'casp3', 'dpp4', 'fa10', 'fa7', 'hivpr', 'lkha4', 'mmp13', 'reni', 'thrb', 'try1', 'tryb1', 'urok']
first 10 important features explain 28.756283547384037%.
important_fp, importantance, active_occ, decoy_occ
 767, 0.021, 0.143, 0.030
 389, 0.022, 0.329, 0.157
  73, 0.023, 0.202, 0.059
1019, 0.024, 0.343, 0.552
 491, 0.025, 0.166, 0.024
 666, 0.026, 0.027, 0.146
 842, 0.027, 0.244, 0.056
 378, 0.036, 0.722, 0.440
 352, 0.040, 0.210, 0.066
 428, 0.045, 0.454, 0.181
Loading data set ...
aa2ar AUC_ROC: 0.9476968652800337
aa2ar AUC_PRC: 0.2859776616814648
aa2ar enrich_factor_0.5%: 28.63070539419087
aa2ar enrich_factor_1%: 25.72614107883817
Loading data set ...
adrb1 AUC_ROC: 0.8862848823101188
adrb1 AUC_PRC: 0.08876727091185382
adrb1 enrich_factor_0.5%: 3.238866396761134
adrb1 enrich_factor_1%: 5.263157894736842
Loading data set ...
adrb2 AUC_ROC: 0.8746236652236652
adrb2 AUC_PRC: 0.08541112175350765
adrb2 enrich_factor_0.5%: 5.194805194805195
adrb2 enrich_factor_1%: 6.0606060606060606
Loading data set ...
cxcr4 AUC_ROC: 0.9693555490311215
cxcr4 AUC_PRC: 0.39732384061014214
cxcr4 enrich_factor_0.5%: 55.0
cxcr4 enrich_factor_1%: 52.49999999999999
Loading data set ...
drd3 AUC_ROC: 0.9364642682329907
drd3 AUC_PRC: 0.3135838923681876
drd3 enrich_factor_0.5%: 37.5
drd3 enrich_factor_1%: 32.083333333333336
Loading data set ...
andr AUC_ROC: 0.6164892555988757
andr AUC_PRC: 0.026527706252705945
andr enrich_factor_0.5%: 2.2304832713754648
andr enrich_factor_1%: 1.4869888475836432
Loading data set ...
esr1 AUC_ROC: 0.918020588574988
esr1 AUC_PRC: 0.2598467343273543
esr1 enrich_factor_0.5%: 24.54308093994778
esr1 enrich_factor_1%: 25.065274151436032
Loading data set ...
esr2 AUC_ROC: 0.9098105997909358
esr2 AUC_PRC: 0.2399802887367818
esr2 enrich_factor_0.5%: 26.158038147138964
esr2 enrich_factor_1%: 23.16076294277929
Loading data set ...
gcr AUC_ROC: 0.7833010572797876
gcr AUC_PRC: 0.05610688916769961
gcr enrich_factor_0.5%: 4.651162790697675
gcr enrich_factor_1%: 3.8759689922480622
Loading data set ...
mcr AUC_ROC: 0.7172051229084899
mcr AUC_PRC: 0.03768137580871106
mcr enrich_factor_0.5%: 0.0
mcr enrich_factor_1%: 0.0
Loading data set ...
ppara AUC_ROC: 0.9341990901661966
ppara AUC_PRC: 0.2361164034687912
ppara enrich_factor_0.5%: 18.766756032171582
ppara enrich_factor_1%: 19.3029490616622
Loading data set ...
ppard AUC_ROC: 0.9481493197278912
ppard AUC_PRC: 0.324092282100499
ppard enrich_factor_0.5%: 29.166666666666668
ppard enrich_factor_1%: 21.666666666666668
Loading data set ...
pparg AUC_ROC: 0.9234378368666907
pparg AUC_PRC: 0.2345588082097962
pparg enrich_factor_0.5%: 19.834710743801647
pparg enrich_factor_1%: 19.42148760330578
Loading data set ...
prgr AUC_ROC: 0.7098777655410047
prgr AUC_PRC: 0.034741185698373034
prgr enrich_factor_0.5%: 1.3651877133105803
prgr enrich_factor_1%: 1.0238907849829353
Loading data set ...
rxra AUC_ROC: 0.7264956889450271
rxra AUC_PRC: 0.03725554172336636
rxra enrich_factor_0.5%: 0.0
rxra enrich_factor_1%: 0.0
Loading data set ...
thb AUC_ROC: 0.8748889033687366
thb AUC_PRC: 0.09594782847699443
thb enrich_factor_0.5%: 7.766990291262136
thb enrich_factor_1%: 5.825242718446602
Loading data set ...
ace AUC_ROC: 0.8372407570607243
ace AUC_PRC: 0.056467857853351795
ace enrich_factor_0.5%: 3.546099290780142
ace enrich_factor_1%: 2.8368794326241136
Loading data set ...
ada17 AUC_ROC: 0.8126281755921838
ada17 AUC_PRC: 0.07452018457010763
ada17 enrich_factor_0.5%: 8.270676691729324
ada17 enrich_factor_1%: 7.330827067669173
Loading data set ...
bace1 AUC_ROC: 0.9023788142045566
bace1 AUC_PRC: 0.16897482827829147
bace1 enrich_factor_0.5%: 24.02826855123675
bace1 enrich_factor_1%: 19.787985865724384
Loading data set ...
casp3 AUC_ROC: 0.8658108298501855
casp3 AUC_PRC: 0.07939634455073762
casp3 enrich_factor_0.5%: 1.0050251256281406
casp3 enrich_factor_1%: 2.512562814070351
Loading data set ...
dpp4 AUC_ROC: 0.817817587309561
dpp4 AUC_PRC: 0.06089535134499874
dpp4 enrich_factor_0.5%: 11.25703564727955
dpp4 enrich_factor_1%: 10.50656660412758
Loading data set ...
fa10 AUC_ROC: 0.9459174486087758
fa10 AUC_PRC: 0.33979034971162575
fa10 enrich_factor_0.5%: 30.16759776536313
fa10 enrich_factor_1%: 25.69832402234637
Loading data set ...
fa7 AUC_ROC: 0.8151929824561404
fa7 AUC_PRC: 0.22440775392978762
fa7 enrich_factor_0.5%: 28.070175438596486
fa7 enrich_factor_1%: 22.807017543859647
Loading data set ...
hivpr AUC_ROC: 0.8014439515708172
hivpr AUC_PRC: 0.04170777971500493
hivpr enrich_factor_0.5%: 1.1194029850746268
hivpr enrich_factor_1%: 1.6791044776119401
Loading data set ...
lkha4 AUC_ROC: 0.9672038119991336
lkha4 AUC_PRC: 0.525167112723375
lkha4 enrich_factor_0.5%: 43.27485380116959
lkha4 enrich_factor_1%: 36.8421052631579
Loading data set ...
mmp13 AUC_ROC: 0.8099252528385593
mmp13 AUC_PRC: 0.06806281850405274
mmp13 enrich_factor_0.5%: 10.139860139860138
mmp13 enrich_factor_1%: 8.39160839160839
Loading data set ...
reni AUC_ROC: 0.883464247020585
reni AUC_PRC: 0.13903783523345173
reni enrich_factor_0.5%: 11.538461538461538
reni enrich_factor_1%: 17.307692307692307
Loading data set ...
thrb AUC_ROC: 0.8390828096167002
thrb AUC_PRC: 0.08613321503426838
thrb enrich_factor_0.5%: 9.11062906724512
thrb enrich_factor_1%: 7.809110629067245
Loading data set ...
try1 AUC_ROC: 0.8793784322701548
try1 AUC_PRC: 0.12916024137522003
try1 enrich_factor_0.5%: 16.481069042316257
try1 enrich_factor_1%: 13.140311804008908
Loading data set ...
tryb1 AUC_ROC: 0.8336380498145204
tryb1 AUC_PRC: 0.06148249908744851
tryb1 enrich_factor_0.5%: 0.0
tryb1 enrich_factor_1%: 0.6756756756756757
Loading data set ...
urok AUC_ROC: 0.91392429654697
urok AUC_PRC: 0.2101616752578472
urok enrich_factor_0.5%: 24.691358024691354
urok enrich_factor_1%: 19.753086419753085
Loading data set ...
fiting model for ['abl1', 'akt1', 'akt2', 'braf', 'cdk2', 'csf1r', 'egfr', 'fak1', 'fgfr1', 'igf1r', 'jak2', 'kit', 'kpcb', 'lck', 'mapk2', 'met', 'mk01', 'mk10', 'mk14', 'mp2k1', 'plk1', 'rock1', 'src', 'tgfr1', 'vgfr2', 'wee1']
first 10 important features explain 31.69448982211607%.
important_fp, importantance, active_occ, decoy_occ
 698, 0.021, 0.178, 0.358
 456, 0.021, 0.332, 0.164
 202, 0.023, 0.050, 0.170
 736, 0.024, 0.180, 0.054
 352, 0.025, 0.156, 0.061
 713, 0.027, 0.116, 0.018
 715, 0.028, 0.136, 0.298
 666, 0.031, 0.022, 0.133
 730, 0.056, 0.351, 0.146
 389, 0.061, 0.443, 0.150
Loading data set ...
abl1 AUC_ROC: 0.8480567339637107
abl1 AUC_PRC: 0.10521609153357646
abl1 enrich_factor_0.5%: 9.890109890109889
abl1 enrich_factor_1%: 9.340659340659341
Loading data set ...
akt1 AUC_ROC: 0.9540921397968817
akt1 AUC_PRC: 0.3898146258474358
akt1 enrich_factor_0.5%: 39.59044368600682
akt1 enrich_factor_1%: 27.98634812286689
Loading data set ...
akt2 AUC_ROC: 0.9670469466121641
akt2 AUC_PRC: 0.5676637500047577
akt2 enrich_factor_0.5%: 54.700854700854705
akt2 enrich_factor_1%: 39.31623931623932
Loading data set ...
braf AUC_ROC: 0.9014572864321608
braf AUC_PRC: 0.22130033640443117
braf enrich_factor_0.5%: 25.0
braf enrich_factor_1%: 25.0
Loading data set ...
cdk2 AUC_ROC: 0.832217424569537
cdk2 AUC_PRC: 0.09306093358712514
cdk2 enrich_factor_0.5%: 9.282700421940929
cdk2 enrich_factor_1%: 9.70464135021097
Loading data set ...
csf1r AUC_ROC: 0.8216254597780372
csf1r AUC_PRC: 0.0629988533173418
csf1r enrich_factor_0.5%: 2.4096385542168672
csf1r enrich_factor_1%: 5.421686746987952
Loading data set ...
egfr AUC_ROC: 0.8517596369972259
egfr AUC_PRC: 0.12672935491016427
egfr enrich_factor_0.5%: 17.343173431734318
egfr enrich_factor_1%: 15.313653136531364
Loading data set ...
fak1 AUC_ROC: 0.8906392523364486
fak1 AUC_PRC: 0.09024132361206731
fak1 enrich_factor_0.5%: 8.0
fak1 enrich_factor_1%: 5.0
Loading data set ...
fgfr1 AUC_ROC: 0.9384321508310594
fgfr1 AUC_PRC: 0.2909897755168147
fgfr1 enrich_factor_0.5%: 28.776978417266186
fgfr1 enrich_factor_1%: 21.58273381294964
Loading data set ...
igf1r AUC_ROC: 0.9156655042138914
igf1r AUC_PRC: 0.18180723301747984
igf1r enrich_factor_0.5%: 21.62162162162162
igf1r enrich_factor_1%: 14.864864864864865
Loading data set ...
jak2 AUC_ROC: 0.915879223580158
jak2 AUC_PRC: 0.2444813023490694
jak2 enrich_factor_0.5%: 26.168224299065418
jak2 enrich_factor_1%: 18.69158878504673
Loading data set ...
kit AUC_ROC: 0.778887415691474
kit AUC_PRC: 0.05348817088104553
kit enrich_factor_0.5%: 3.6144578313253017
kit enrich_factor_1%: 4.216867469879519
Loading data set ...
kpcb AUC_ROC: 0.940978288633461
kpcb AUC_PRC: 0.3495516322249969
kpcb enrich_factor_0.5%: 37.03703703703703
kpcb enrich_factor_1%: 31.111111111111107
Loading data set ...
lck AUC_ROC: 0.7875960201598888
lck AUC_PRC: 0.12265121119997037
lck enrich_factor_0.5%: 18.0952380952381
lck enrich_factor_1%: 13.80952380952381
Loading data set ...
mapk2 AUC_ROC: 0.8783160267246237
mapk2 AUC_PRC: 0.2664585666041257
mapk2 enrich_factor_0.5%: 35.64356435643565
mapk2 enrich_factor_1%: 29.702970297029704
Loading data set ...
met AUC_ROC: 0.8692503346720215
met AUC_PRC: 0.09406206607930534
met enrich_factor_0.5%: 12.048192771084338
met enrich_factor_1%: 9.036144578313253
Loading data set ...
mk01 AUC_ROC: 0.8777131729030463
mk01 AUC_PRC: 0.1140626696865614
mk01 enrich_factor_0.5%: 12.658227848101268
mk01 enrich_factor_1%: 11.39240506329114
Loading data set ...
mk10 AUC_ROC: 0.9087587412587413
mk10 AUC_PRC: 0.18832721711968145
mk10 enrich_factor_0.5%: 15.384615384615385
mk10 enrich_factor_1%: 13.46153846153846
Loading data set ...
mk14 AUC_ROC: 0.8246193047733491
mk14 AUC_PRC: 0.08071225625663427
mk14 enrich_factor_0.5%: 7.612456747404844
mk14 enrich_factor_1%: 7.093425605536332
Loading data set ...
mp2k1 AUC_ROC: 0.8882979262789636
mp2k1 AUC_PRC: 0.1559137496529875
mp2k1 enrich_factor_0.5%: 23.140495867768593
mp2k1 enrich_factor_1%: 17.355371900826444
Loading data set ...
plk1 AUC_ROC: 0.8815585486531061
plk1 AUC_PRC: 0.11596777358500754
plk1 enrich_factor_0.5%: 7.476635514018691
plk1 enrich_factor_1%: 9.345794392523365
Loading data set ...
rock1 AUC_ROC: 0.852020634920635
rock1 AUC_PRC: 0.2733195819732401
rock1 enrich_factor_0.5%: 36.0
rock1 enrich_factor_1%: 24.0
Loading data set ...
src AUC_ROC: 0.8944585131098572
src AUC_PRC: 0.21901487589563504
src enrich_factor_0.5%: 25.572519083969468
src enrich_factor_1%: 20.419847328244277
Loading data set ...
tgfr1 AUC_ROC: 0.8867147279964618
tgfr1 AUC_PRC: 0.20358422552973757
tgfr1 enrich_factor_0.5%: 25.56390977443609
tgfr1 enrich_factor_1%: 19.548872180451127
Loading data set ...
vgfr2 AUC_ROC: 0.8621689959007819
vgfr2 AUC_PRC: 0.1648289110121741
vgfr2 enrich_factor_0.5%: 20.537897310513447
vgfr2 enrich_factor_1%: 17.359413202933986
Loading data set ...
wee1 AUC_ROC: 0.9815431213135661
wee1 AUC_PRC: 0.5341631640167995
wee1 enrich_factor_0.5%: 43.13725490196079
wee1 enrich_factor_1%: 36.274509803921575
Loading data set ...
fiting model for ['aces', 'ada', 'aldr', 'ampc', 'aofb', 'cah2', 'comt', 'cp2c9', 'cp3a4', 'def', 'dhi1', 'dyr', 'fabp4', 'fkb1a', 'fnta', 'fpps', 'glcm', 'gria2', 'grik1', 'hdac2', 'hdac8', 'hivint', 'hivrt', 'hmdh', 'hs90a', 'hxk4', 'inha', 'ital', 'kif11', 'kith', 'nos1', 'nram', 'pa2ga', 'parp1', 'pde5a', 'pgh1', 'pgh2', 'pnph', 'ptn1', 'pur2', 'pygm', 'pyrd', 'sahh', 'tysy', 'xiap']
first 10 important features explain 27.928588933639503%.
important_fp, importantance, active_occ, decoy_occ
1007, 0.022, 0.007, 0.092
 730, 0.022, 0.329, 0.169
 736, 0.023, 0.175, 0.056
 666, 0.023, 0.033, 0.156
 458, 0.023, 0.155, 0.032
 352, 0.024, 0.196, 0.071
 456, 0.026, 0.382, 0.159
 389, 0.027, 0.382, 0.175
 767, 0.036, 0.162, 0.028
 428, 0.053, 0.485, 0.191
Loading data set ...
aces AUC_ROC: 0.9374054031325554
aces AUC_PRC: 0.343290871799526
aces enrich_factor_0.5%: 36.203090507726266
aces enrich_factor_1%: 28.697571743929355
Loading data set ...
ada AUC_ROC: 0.8901667159909243
ada AUC_PRC: 0.12583100307915146
ada enrich_factor_0.5%: 10.75268817204301
ada enrich_factor_1%: 9.677419354838708
Loading data set ...
aldr AUC_ROC: 0.8025890985324947
aldr AUC_PRC: 0.0515877652322747
aldr enrich_factor_0.5%: 1.2578616352201257
aldr enrich_factor_1%: 1.8867924528301887
Loading data set ...
ampc AUC_ROC: 0.6997185672514621
ampc AUC_PRC: 0.09908886256043144
ampc enrich_factor_0.5%: 16.666666666666664
ampc enrich_factor_1%: 16.666666666666664
Loading data set ...
aofb AUC_ROC: 0.8189973865526252
aofb AUC_PRC: 0.10456924537906184
aofb enrich_factor_0.5%: 11.475409836065575
aofb enrich_factor_1%: 12.295081967213115
Loading data set ...
cah2 AUC_ROC: 0.7373730359432428
cah2 AUC_PRC: 0.05774595284627934
cah2 enrich_factor_0.5%: 10.569105691056912
cah2 enrich_factor_1%: 7.723577235772358
Loading data set ...
comt AUC_ROC: 0.2935064935064935
comt AUC_PRC: 0.006980057453790633
comt enrich_factor_0.5%: 0.0
comt enrich_factor_1%: 0.0
Loading data set ...
cp2c9 AUC_ROC: 0.9069429530201343
cp2c9 AUC_PRC: 0.3185952992569436
cp2c9 enrich_factor_0.5%: 41.66666666666667
cp2c9 enrich_factor_1%: 28.333333333333336
Loading data set ...
cp3a4 AUC_ROC: 0.938511964107677
cp3a4 AUC_PRC: 0.3438893145215894
cp3a4 enrich_factor_0.5%: 43.529411764705884
cp3a4 enrich_factor_1%: 30.58823529411765
Loading data set ...
def AUC_ROC: 0.702953216374269
def AUC_PRC: 0.031236021867173336
def enrich_factor_0.5%: 0.0
def enrich_factor_1%: 0.9803921568627452
Loading data set ...
dhi1 AUC_ROC: 0.7767050348445698
dhi1 AUC_PRC: 0.05606694750795091
dhi1 enrich_factor_0.5%: 7.878787878787878
dhi1 enrich_factor_1%: 6.666666666666666
Loading data set ...
dyr AUC_ROC: 0.9153649451323871
dyr AUC_PRC: 0.25928371664316857
dyr enrich_factor_0.5%: 39.82683982683983
dyr enrich_factor_1%: 30.73593073593074
Loading data set ...
fabp4 AUC_ROC: 0.9681392649903289
fabp4 AUC_PRC: 0.44236527122027897
fabp4 enrich_factor_0.5%: 42.5531914893617
fabp4 enrich_factor_1%: 34.04255319148936
Loading data set ...
fkb1a AUC_ROC: 0.8792668530599564
fkb1a AUC_PRC: 0.10750269052590597
fkb1a enrich_factor_0.5%: 9.00900900900901
fkb1a enrich_factor_1%: 4.504504504504505
Loading data set ...
fnta AUC_ROC: 0.9545641235896091
fnta AUC_PRC: 0.21645966929167798
fnta enrich_factor_0.5%: 29.3918918918919
fnta enrich_factor_1%: 26.351351351351358
Loading data set ...
fpps AUC_ROC: 0.8806114988368229
fpps AUC_PRC: 0.1016436856832783
fpps enrich_factor_0.5%: 18.823529411764703
fpps enrich_factor_1%: 25.882352941176467
Loading data set ...
glcm AUC_ROC: 0.7251803118908382
glcm AUC_PRC: 0.034807932260664406
glcm enrich_factor_0.5%: 3.7037037037037037
glcm enrich_factor_1%: 3.7037037037037037
Loading data set ...
gria2 AUC_ROC: 0.8954218785900155
gria2 AUC_PRC: 0.138476866769224
gria2 enrich_factor_0.5%: 18.987341772151897
gria2 enrich_factor_1%: 15.189873417721518
Loading data set ...
grik1 AUC_ROC: 0.8817322953669412
grik1 AUC_PRC: 0.08010278733305591
grik1 enrich_factor_0.5%: 9.900990099009901
grik1 enrich_factor_1%: 6.930693069306931
Loading data set ...
hdac2 AUC_ROC: 0.8856793492521647
hdac2 AUC_PRC: 0.19702224775046867
hdac2 enrich_factor_0.5%: 22.7027027027027
hdac2 enrich_factor_1%: 21.62162162162162
Loading data set ...
hdac8 AUC_ROC: 0.9025426400225162
hdac8 AUC_PRC: 0.20444469262585555
hdac8 enrich_factor_0.5%: 23.52941176470588
hdac8 enrich_factor_1%: 21.176470588235293
Loading data set ...
hivint AUC_ROC: 0.8953969924812031
hivint AUC_PRC: 0.12019908632359322
hivint enrich_factor_0.5%: 13.999999999999998
hivint enrich_factor_1%: 13.999999999999998
Loading data set ...
hivrt AUC_ROC: 0.7300082472508902
hivrt AUC_PRC: 0.054504182663057135
hivrt enrich_factor_0.5%: 7.100591715976331
hivrt enrich_factor_1%: 5.9171597633136095
Loading data set ...
hmdh AUC_ROC: 0.9268174789915966
hmdh AUC_PRC: 0.27058460710555793
hmdh enrich_factor_0.5%: 18.823529411764707
hmdh enrich_factor_1%: 20.588235294117645
Loading data set ...
hs90a AUC_ROC: 0.8290768509840676
hs90a AUC_PRC: 0.13526732624173424
hs90a enrich_factor_0.5%: 11.363636363636363
hs90a enrich_factor_1%: 15.909090909090907
Loading data set ...
hxk4 AUC_ROC: 0.8449491211840887
hxk4 AUC_PRC: 0.3110483737967169
hxk4 enrich_factor_0.5%: 28.260869565217387
hxk4 enrich_factor_1%: 28.260869565217387
Loading data set ...
inha AUC_ROC: 0.8557128412537918
inha AUC_PRC: 0.15957165048884606
inha enrich_factor_0.5%: 4.651162790697675
inha enrich_factor_1%: 13.953488372093023
Loading data set ...
ital AUC_ROC: 0.8766496163682864
ital AUC_PRC: 0.12681785763299688
ital enrich_factor_0.5%: 13.043478260869568
ital enrich_factor_1%: 14.492753623188406
Loading data set ...
kif11 AUC_ROC: 0.8406670022652908
kif11 AUC_PRC: 0.18427186075028434
kif11 enrich_factor_0.5%: 22.413793103448278
kif11 enrich_factor_1%: 21.55172413793104
Loading data set ...
kith AUC_ROC: 0.6535364727608495
kith AUC_PRC: 0.09795479054960529
kith enrich_factor_0.5%: 17.54385964912281
kith enrich_factor_1%: 12.280701754385966
Loading data set ...
nos1 AUC_ROC: 0.8658459627329194
nos1 AUC_PRC: 0.2485805713605325
nos1 enrich_factor_0.5%: 38.0
nos1 enrich_factor_1%: 21.0
Loading data set ...
nram AUC_ROC: 0.791443383805135
nram AUC_PRC: 0.03735008727494747
nram enrich_factor_0.5%: 0.0
nram enrich_factor_1%: 1.0204081632653061
Loading data set ...
pa2ga AUC_ROC: 0.8836559772482103
pa2ga AUC_PRC: 0.18514658603293033
pa2ga enrich_factor_0.5%: 16.161616161616163
pa2ga enrich_factor_1%: 14.141414141414144
Loading data set ...
parp1 AUC_ROC: 0.9176353059860862
parp1 AUC_PRC: 0.2512399974288777
parp1 enrich_factor_0.5%: 29.527559055118115
parp1 enrich_factor_1%: 24.60629921259843
Loading data set ...
pde5a AUC_ROC: 0.9415642641519758
pde5a AUC_PRC: 0.24518098488266707
pde5a enrich_factor_0.5%: 26.130653266331656
pde5a enrich_factor_1%: 23.366834170854272
Loading data set ...
pgh1 AUC_ROC: 0.7859235517568852
pgh1 AUC_PRC: 0.061952805973925676
pgh1 enrich_factor_0.5%: 3.0769230769230766
pgh1 enrich_factor_1%: 4.102564102564102
Loading data set ...
pgh2 AUC_ROC: 0.7908297212085103
pgh2 AUC_PRC: 0.08071084355505015
pgh2 enrich_factor_0.5%: 9.655172413793105
pgh2 enrich_factor_1%: 9.655172413793105
Loading data set ...
pnph AUC_ROC: 0.8988796535587064
pnph AUC_PRC: 0.1764630817566881
pnph enrich_factor_0.5%: 25.242718446601945
pnph enrich_factor_1%: 14.563106796116505
Loading data set ...
ptn1 AUC_ROC: 0.9607289124668434
ptn1 AUC_PRC: 0.4449861756132355
ptn1 enrich_factor_0.5%: 36.92307692307693
ptn1 enrich_factor_1%: 36.92307692307693
Loading data set ...
pur2 AUC_ROC: 0.9920592592592593
pur2 AUC_PRC: 0.6670045472759264
pur2 enrich_factor_0.5%: 40.0
pur2 enrich_factor_1%: 38.0
Loading data set ...
pygm AUC_ROC: 0.8858721025809634
pygm AUC_PRC: 0.3430331155844952
pygm enrich_factor_0.5%: 38.96103896103896
pygm enrich_factor_1%: 24.675324675324674
Loading data set ...
pyrd AUC_ROC: 0.9713024652559537
pyrd AUC_PRC: 0.6139876658874569
pyrd enrich_factor_0.5%: 46.846846846846844
pyrd enrich_factor_1%: 45.945945945945944
Loading data set ...
sahh AUC_ROC: 0.9386979526109961
sahh AUC_PRC: 0.1280223185443206
sahh enrich_factor_0.5%: 0.0
sahh enrich_factor_1%: 3.1746031746031744
Loading data set ...
tysy AUC_ROC: 0.924903839619436
tysy AUC_PRC: 0.3220270930682089
tysy enrich_factor_0.5%: 33.027522935779814
tysy enrich_factor_1%: 30.27522935779816
Loading data set ...
xiap AUC_ROC: 0.9158368932038835
xiap AUC_PRC: 0.16867558353414736
xiap enrich_factor_0.5%: 22.0
xiap enrich_factor_1%: 16.0
average:
roc: 0.8613967483988356
prc: 0.18711045514919133
EF0.5%: 19.159181996825765
EF1%: 16.509316996383028

