usearch v11.0.667_i86linux32, 4.0Gb RAM (65.9Gb total), 12 cores
(C) Copyright 2013-18 Robert C. Edgar, all rights reserved.
https://drive5.com/usearch

License: gold.yang@qq.com

00:00 37Mb      0.1% Reading INDEX_core_data.2013.fasta00:00 41Mb    100.0% Reading INDEX_core_data.2013.fasta
00:00 7.2Mb  CPU has 12 cores, defaulting to 10 threads
00:00 93Mb      6.2% DF00:00 91Mb    100.0% DF
00:00 92Mb   195 seqs, 159 uniques, 133 singletons (83.6%)
00:00 92Mb   Min size 1, median 1, max 3, avg 1.23
00:00 95Mb      0.6% DB00:00 95Mb    100.0% DB
00:00 135Mb     0.6% Clustering00:00 135Mb     0.6% 0 clusters, max size 0, avg 0.000:00 147Mb   100.0% 63 clusters, max size 6, avg 3.1
                                                     
      Seqs  159
  Clusters  63
  Max size  6
  Avg size  3.1
  Min size  3
Singletons  0, 0.0% of seqs, 0.0% of clusters
   Max mem  147Mb
      Time  1.00s
Throughput  159.0 seqs/sec.

